<?xml version="1.0" encoding="UTF-8"?>
<testng-results ignored="0" total="1" passed="0" failed="1" skipped="0">
  <reporter-output>
  </reporter-output>
  <suite started-at="2023-04-09T18:19:48 IST" name="Default suite" finished-at="2023-04-09T18:20:03 IST" duration-ms="14805">
    <groups>
    </groups>
    <test started-at="2023-04-09T18:19:48 IST" name="Default test" finished-at="2023-04-09T18:20:03 IST" duration-ms="14805">
      <class name="practiceTests.samplerunTest">
        <test-method is-config="true" signature="before_Suite()[pri:0, instance:practiceTests.samplerunTest@7f3b84b8]" started-at="2023-04-09T18:19:48 IST" name="before_Suite" finished-at="2023-04-09T18:19:48 IST" duration-ms="19" status="PASS">
          <reporter-output>
          </reporter-output>
        </test-method> <!-- before_Suite -->
        <test-method is-config="true" signature="before_Test()[pri:0, instance:practiceTests.samplerunTest@7f3b84b8]" started-at="2023-04-09T18:19:48 IST" name="before_Test" finished-at="2023-04-09T18:19:48 IST" duration-ms="0" status="PASS">
          <reporter-output>
          </reporter-output>
        </test-method> <!-- before_Test -->
        <test-method is-config="true" signature="launch_Browser()[pri:0, instance:practiceTests.samplerunTest@7f3b84b8]" started-at="2023-04-09T18:19:48 IST" name="launch_Browser" finished-at="2023-04-09T18:19:55 IST" duration-ms="7008" status="PASS">
          <reporter-output>
          </reporter-output>
        </test-method> <!-- launch_Browser -->
        <test-method is-config="true" signature="login_Application()[pri:0, instance:practiceTests.samplerunTest@7f3b84b8]" started-at="2023-04-09T18:19:55 IST" name="login_Application" finished-at="2023-04-09T18:19:58 IST" duration-ms="2801" status="PASS">
          <reporter-output>
          </reporter-output>
        </test-method> <!-- login_Application -->
        <test-method signature="practiceTest1()[pri:0, instance:practiceTests.samplerunTest@7f3b84b8]" started-at="2023-04-09T18:19:58 IST" name="practiceTest1" finished-at="2023-04-09T18:19:58 IST" duration-ms="11" status="FAIL">
          <exception class="java.lang.AssertionError">
            <message>
              <![CDATA[null]]>
            </message>
            <full-stacktrace>
              <![CDATA[java.lang.AssertionError: null
at org.testng.Assert.fail(Assert.java:99)
at org.testng.Assert.fail(Assert.java:106)
at practiceTests.samplerunTest.practiceTest1(samplerunTest.java:14)
at java.base/jdk.internal.reflect.NativeMethodAccessorImpl.invoke0(Native Method)
at java.base/jdk.internal.reflect.NativeMethodAccessorImpl.invoke(NativeMethodAccessorImpl.java:77)
at java.base/jdk.internal.reflect.DelegatingMethodAccessorImpl.invoke(DelegatingMethodAccessorImpl.java:43)
at java.base/java.lang.reflect.Method.invoke(Method.java:568)
at org.testng.internal.MethodInvocationHelper.invokeMethod(MethodInvocationHelper.java:133)
at org.testng.internal.TestInvoker.invokeMethod(TestInvoker.java:598)
at org.testng.internal.TestInvoker.invokeTestMethod(TestInvoker.java:173)
at org.testng.internal.MethodRunner.runInSequence(MethodRunner.java:46)
at org.testng.internal.TestInvoker$MethodInvocationAgent.invoke(TestInvoker.java:824)
at org.testng.internal.TestInvoker.invokeTestMethods(TestInvoker.java:146)
at org.testng.internal.TestMethodWorker.invokeTestMethods(TestMethodWorker.java:146)
at org.testng.internal.TestMethodWorker.run(TestMethodWorker.java:128)
at java.base/java.util.ArrayList.forEach(ArrayList.java:1511)
at org.testng.TestRunner.privateRun(TestRunner.java:794)
at org.testng.TestRunner.run(TestRunner.java:596)
at org.testng.SuiteRunner.runTest(SuiteRunner.java:377)
at org.testng.SuiteRunner.runSequentially(SuiteRunner.java:371)
at org.testng.SuiteRunner.privateRun(SuiteRunner.java:332)
at org.testng.SuiteRunner.run(SuiteRunner.java:276)
at org.testng.SuiteRunnerWorker.runSuite(SuiteRunnerWorker.java:53)
at org.testng.SuiteRunnerWorker.run(SuiteRunnerWorker.java:96)
at org.testng.TestNG.runSuitesSequentially(TestNG.java:1212)
at org.testng.TestNG.runSuitesLocally(TestNG.java:1134)
at org.testng.TestNG.runSuites(TestNG.java:1063)
at org.testng.TestNG.run(TestNG.java:1031)
at org.testng.remote.AbstractRemoteTestNG.run(AbstractRemoteTestNG.java:115)
at org.testng.remote.RemoteTestNG.initAndRun(RemoteTestNG.java:251)
at org.testng.remote.RemoteTestNG.main(RemoteTestNG.java:77)
]]>
            </full-stacktrace>
          </exception> <!-- java.lang.AssertionError -->
          <reporter-output>
          </reporter-output>
        </test-method> <!-- practiceTest1 -->
        <test-method is-config="true" signature="logout_Application()[pri:0, instance:practiceTests.samplerunTest@7f3b84b8]" started-at="2023-04-09T18:19:58 IST" name="logout_Application" finished-at="2023-04-09T18:20:02 IST" duration-ms="3877" status="PASS">
          <reporter-output>
          </reporter-output>
        </test-method> <!-- logout_Application -->
        <test-method is-config="true" signature="close_Driver()[pri:0, instance:practiceTests.samplerunTest@7f3b84b8]" started-at="2023-04-09T18:20:02 IST" name="close_Driver" finished-at="2023-04-09T18:20:03 IST" duration-ms="914" status="PASS">
          <reporter-output>
          </reporter-output>
        </test-method> <!-- close_Driver -->
        <test-method is-config="true" signature="after_Test()[pri:0, instance:practiceTests.samplerunTest@7f3b84b8]" started-at="2023-04-09T18:20:03 IST" name="after_Test" finished-at="2023-04-09T18:20:03 IST" duration-ms="0" status="PASS">
          <reporter-output>
          </reporter-output>
        </test-method> <!-- after_Test -->
        <test-method is-config="true" signature="after_Suite()[pri:0, instance:practiceTests.samplerunTest@7f3b84b8]" started-at="2023-04-09T18:20:03 IST" name="after_Suite" finished-at="2023-04-09T18:20:03 IST" duration-ms="0" status="PASS">
          <reporter-output>
          </reporter-output>
        </test-method> <!-- after_Suite -->
      </class> <!-- practiceTests.samplerunTest -->
    </test> <!-- Default test -->
  </suite> <!-- Default suite -->
</testng-results>
